{"contracts/ECDSA.sol":{"l":{"28":12,"29":2,"33":10,"34":10,"35":10,"40":10,"55":10,"56":1,"59":9,"60":4,"64":5,"65":5,"67":4,"81":1},"path":"/private/var/www/html/RedFox/eth-bridge-contract/contracts/ECDSA.sol","s":{"1":12,"2":2,"3":10,"4":10,"5":10,"6":10,"7":1,"8":9,"9":4,"10":5,"11":5,"12":4,"13":1},"b":{"1":[2,10],"2":[1,9],"3":[4,5],"4":[4,1]},"f":{"1":12,"2":1},"fnMap":{"1":{"name":"recover","line":26,"loc":{"start":{"line":26,"column":4},"end":{"line":68,"column":4}}},"2":{"name":"toEthSignedMessageHash","line":78,"loc":{"start":{"line":78,"column":4},"end":{"line":82,"column":4}}}},"statementMap":{"1":{"start":{"line":28,"column":8},"end":{"line":28,"column":1209}},"2":{"start":{"line":29,"column":12},"end":{"line":29,"column":52}},"3":{"start":{"line":33,"column":8},"end":{"line":33,"column":17}},"4":{"start":{"line":34,"column":8},"end":{"line":34,"column":17}},"5":{"start":{"line":35,"column":8},"end":{"line":35,"column":15}},"6":{"start":{"line":55,"column":8},"end":{"line":55,"column":2649}},"7":{"start":{"line":56,"column":12},"end":{"line":56,"column":55}},"8":{"start":{"line":59,"column":8},"end":{"line":59,"column":2813}},"9":{"start":{"line":60,"column":12},"end":{"line":60,"column":55}},"10":{"start":{"line":64,"column":8},"end":{"line":64,"column":49}},"11":{"start":{"line":65,"column":8},"end":{"line":65,"column":64}},"12":{"start":{"line":67,"column":8},"end":{"line":67,"column":21}},"13":{"start":{"line":81,"column":8},"end":{"line":81,"column":84}}},"branchMap":{"1":{"line":28,"type":"if","locations":[{"start":{"line":28,"column":8},"end":{"line":28,"column":8}},{"start":{"line":28,"column":8},"end":{"line":28,"column":8}}]},"2":{"line":55,"type":"if","locations":[{"start":{"line":55,"column":8},"end":{"line":55,"column":8}},{"start":{"line":55,"column":8},"end":{"line":55,"column":8}}]},"3":{"line":59,"type":"if","locations":[{"start":{"line":59,"column":8},"end":{"line":59,"column":8}},{"start":{"line":59,"column":8},"end":{"line":59,"column":8}}]},"4":{"line":65,"type":"if","locations":[{"start":{"line":65,"column":8},"end":{"line":65,"column":8}},{"start":{"line":65,"column":8},"end":{"line":65,"column":8}}]}}},"contracts/ETHWAXBRIDGE.sol":{"l":{"31":0,"36":0,"40":3,"42":3,"46":1,"48":1,"100":63,"102":63,"103":63,"105":63,"109":63,"125":7,"127":5,"128":5,"130":5,"141":0,"143":0,"144":0,"145":0,"146":0,"147":0,"148":0,"149":0,"151":0,"161":0,"163":0,"164":0,"165":0,"166":0,"167":0,"168":0,"169":0,"171":0,"172":0,"177":0,"179":0,"181":0,"188":0,"191":0,"192":0,"197":0,"199":0,"201":0,"202":0,"205":0,"206":0,"207":0,"209":0,"210":0,"215":0,"220":0,"222":0,"224":0,"232":0,"233":0,"235":0,"237":0,"239":0,"241":0,"244":0,"251":0,"262":1,"264":0,"272":7,"273":7,"275":5,"283":0,"284":0,"286":0,"290":0},"path":"/private/var/www/html/RedFox/eth-bridge-contract/contracts/ETHWAXBRIDGE.sol","s":{"1":0,"2":3,"3":3,"4":1,"5":63,"6":63,"7":63,"8":63,"9":7,"10":5,"11":5,"12":5,"13":0,"14":0,"15":0,"16":0,"17":0,"18":0,"19":0,"20":0,"21":0,"22":0,"23":0,"24":0,"25":0,"26":0,"27":0,"28":0,"29":0,"30":0,"31":0,"32":0,"33":0,"34":0,"35":0,"36":0,"37":0,"38":0,"39":0,"40":0,"41":0,"42":0,"43":0,"44":0,"45":0,"46":0,"47":0,"48":0,"49":0,"50":0,"51":0,"52":0,"53":0,"54":0,"55":1,"56":0,"57":7,"58":7,"59":5,"60":0,"61":0,"62":0,"63":0},"b":{"1":[0,0],"2":[3,0],"3":[1,0],"4":[0,0],"5":[0,0],"6":[0,0],"7":[0,0],"8":[0,0],"9":[0,0],"10":[0,0],"11":[0,0],"12":[0,0],"13":[0,0],"14":[0,1]},"f":{"1":0,"2":3,"3":1,"4":63,"5":7,"6":0,"7":0,"8":0,"9":1,"10":7,"11":0,"12":0},"fnMap":{"1":{"name":"onlyOracle","line":30,"loc":{"start":{"line":30,"column":4},"end":{"line":37,"column":4}}},"2":{"name":"regOracle","line":39,"loc":{"start":{"line":39,"column":4},"end":{"line":43,"column":4}}},"3":{"name":"unregOracle","line":45,"loc":{"start":{"line":45,"column":4},"end":{"line":49,"column":4}}},"4":{"name":"constructor","line":99,"loc":{"start":{"line":99,"column":4},"end":{"line":110,"column":4}}},"5":{"name":"bridge","line":120,"loc":{"start":{"line":120,"column":4},"end":{"line":131,"column":4}}},"6":{"name":"verifySigData","line":137,"loc":{"start":{"line":137,"column":4},"end":{"line":182,"column":4}}},"7":{"name":"claim","line":184,"loc":{"start":{"line":184,"column":4},"end":{"line":225,"column":4}}},"8":{"name":"updateThreshold","line":229,"loc":{"start":{"line":227,"column":4},"end":{"line":245,"column":4}}},"9":{"name":"transferAnyERC20Token","line":259,"loc":{"start":{"line":257,"column":4},"end":{"line":265,"column":4}}},"10":{"name":"lock","line":271,"loc":{"start":{"line":271,"column":4},"end":{"line":276,"column":4}}},"11":{"name":"release","line":282,"loc":{"start":{"line":282,"column":4},"end":{"line":287,"column":4}}},"12":{"name":"_getSigner","line":289,"loc":{"start":{"line":289,"column":4},"end":{"line":293,"column":4}}}},"statementMap":{"1":{"start":{"line":31,"column":8},"end":{"line":31,"column":812}},"2":{"start":{"line":40,"column":8},"end":{"line":40,"column":68}},"3":{"start":{"line":42,"column":8},"end":{"line":42,"column":33}},"4":{"start":{"line":46,"column":8},"end":{"line":46,"column":63}},"5":{"start":{"line":100,"column":8},"end":{"line":100,"column":21}},"6":{"start":{"line":102,"column":8},"end":{"line":102,"column":20}},"7":{"start":{"line":103,"column":8},"end":{"line":103,"column":25}},"8":{"start":{"line":109,"column":8},"end":{"line":109,"column":28}},"9":{"start":{"line":125,"column":8},"end":{"line":125,"column":31}},"10":{"start":{"line":127,"column":8},"end":{"line":127,"column":52}},"11":{"start":{"line":128,"column":8},"end":{"line":128,"column":39}},"12":{"start":{"line":130,"column":8},"end":{"line":130,"column":19}},"13":{"start":{"line":141,"column":8},"end":{"line":141,"column":28}},"14":{"start":{"line":143,"column":8},"end":{"line":143,"column":33}},"15":{"start":{"line":144,"column":8},"end":{"line":144,"column":17}},"16":{"start":{"line":145,"column":8},"end":{"line":145,"column":17}},"17":{"start":{"line":146,"column":8},"end":{"line":146,"column":23}},"18":{"start":{"line":147,"column":8},"end":{"line":147,"column":24}},"19":{"start":{"line":148,"column":8},"end":{"line":148,"column":21}},"20":{"start":{"line":149,"column":8},"end":{"line":149,"column":25}},"21":{"start":{"line":161,"column":8},"end":{"line":161,"column":67}},"22":{"start":{"line":163,"column":8},"end":{"line":163,"column":35}},"23":{"start":{"line":164,"column":8},"end":{"line":164,"column":35}},"24":{"start":{"line":165,"column":8},"end":{"line":165,"column":47}},"25":{"start":{"line":166,"column":8},"end":{"line":166,"column":53}},"26":{"start":{"line":167,"column":8},"end":{"line":167,"column":49}},"27":{"start":{"line":168,"column":8},"end":{"line":168,"column":27}},"28":{"start":{"line":169,"column":8},"end":{"line":169,"column":31}},"29":{"start":{"line":171,"column":8},"end":{"line":171,"column":61}},"30":{"start":{"line":172,"column":8},"end":{"line":172,"column":5212}},"31":{"start":{"line":177,"column":8},"end":{"line":177,"column":50}},"32":{"start":{"line":179,"column":8},"end":{"line":179,"column":28}},"33":{"start":{"line":181,"column":8},"end":{"line":181,"column":17}},"34":{"start":{"line":188,"column":8},"end":{"line":188,"column":53}},"35":{"start":{"line":191,"column":8},"end":{"line":191,"column":72}},"36":{"start":{"line":192,"column":8},"end":{"line":192,"column":5749}},"37":{"start":{"line":197,"column":8},"end":{"line":197,"column":44}},"38":{"start":{"line":199,"column":8},"end":{"line":199,"column":28}},"39":{"start":{"line":201,"column":8},"end":{"line":201,"column":5948}},"40":{"start":{"line":202,"column":12},"end":{"line":202,"column":66}},"41":{"start":{"line":205,"column":12},"end":{"line":205,"column":6156}},"42":{"start":{"line":206,"column":16},"end":{"line":206,"column":46}},"43":{"start":{"line":209,"column":16},"end":{"line":209,"column":6311}},"44":{"start":{"line":215,"column":8},"end":{"line":215,"column":6405}},"45":{"start":{"line":220,"column":8},"end":{"line":220,"column":41}},"46":{"start":{"line":222,"column":8},"end":{"line":222,"column":54}},"47":{"start":{"line":224,"column":8},"end":{"line":224,"column":27}},"48":{"start":{"line":232,"column":8},"end":{"line":232,"column":6781}},"49":{"start":{"line":233,"column":12},"end":{"line":233,"column":69}},"50":{"start":{"line":235,"column":12},"end":{"line":235,"column":42}},"51":{"start":{"line":237,"column":12},"end":{"line":237,"column":35}},"52":{"start":{"line":239,"column":12},"end":{"line":239,"column":69}},"53":{"start":{"line":241,"column":12},"end":{"line":241,"column":23}},"54":{"start":{"line":244,"column":8},"end":{"line":244,"column":20}},"55":{"start":{"line":262,"column":8},"end":{"line":262,"column":52}},"56":{"start":{"line":264,"column":8},"end":{"line":264,"column":47}},"57":{"start":{"line":272,"column":8},"end":{"line":272,"column":44}},"58":{"start":{"line":273,"column":8},"end":{"line":273,"column":57}},"59":{"start":{"line":275,"column":8},"end":{"line":275,"column":33}},"60":{"start":{"line":283,"column":8},"end":{"line":283,"column":44}},"61":{"start":{"line":284,"column":8},"end":{"line":284,"column":36}},"62":{"start":{"line":286,"column":8},"end":{"line":286,"column":33}},"63":{"start":{"line":290,"column":8},"end":{"line":290,"column":8893}}},"branchMap":{"1":{"line":31,"type":"if","locations":[{"start":{"line":31,"column":8},"end":{"line":31,"column":8}},{"start":{"line":31,"column":8},"end":{"line":31,"column":8}}]},"2":{"line":40,"type":"if","locations":[{"start":{"line":40,"column":8},"end":{"line":40,"column":8}},{"start":{"line":40,"column":8},"end":{"line":40,"column":8}}]},"3":{"line":46,"type":"if","locations":[{"start":{"line":46,"column":8},"end":{"line":46,"column":8}},{"start":{"line":46,"column":8},"end":{"line":46,"column":8}}]},"4":{"line":171,"type":"if","locations":[{"start":{"line":171,"column":8},"end":{"line":171,"column":8}},{"start":{"line":171,"column":8},"end":{"line":171,"column":8}}]},"5":{"line":172,"type":"if","locations":[{"start":{"line":172,"column":8},"end":{"line":172,"column":8}},{"start":{"line":172,"column":8},"end":{"line":172,"column":8}}]},"6":{"line":177,"type":"if","locations":[{"start":{"line":177,"column":8},"end":{"line":177,"column":8}},{"start":{"line":177,"column":8},"end":{"line":177,"column":8}}]},"7":{"line":191,"type":"if","locations":[{"start":{"line":191,"column":8},"end":{"line":191,"column":8}},{"start":{"line":191,"column":8},"end":{"line":191,"column":8}}]},"8":{"line":192,"type":"if","locations":[{"start":{"line":192,"column":8},"end":{"line":192,"column":8}},{"start":{"line":192,"column":8},"end":{"line":192,"column":8}}]},"9":{"line":205,"type":"if","locations":[{"start":{"line":205,"column":12},"end":{"line":205,"column":12}},{"start":{"line":205,"column":12},"end":{"line":205,"column":12}}]},"10":{"line":209,"type":"if","locations":[{"start":{"line":209,"column":16},"end":{"line":209,"column":16}},{"start":{"line":209,"column":16},"end":{"line":209,"column":16}}]},"11":{"line":215,"type":"if","locations":[{"start":{"line":215,"column":8},"end":{"line":215,"column":8}},{"start":{"line":215,"column":8},"end":{"line":215,"column":8}}]},"12":{"line":232,"type":"if","locations":[{"start":{"line":232,"column":8},"end":{"line":232,"column":8}},{"start":{"line":232,"column":8},"end":{"line":232,"column":8}}]},"13":{"line":233,"type":"if","locations":[{"start":{"line":233,"column":12},"end":{"line":233,"column":12}},{"start":{"line":233,"column":12},"end":{"line":233,"column":12}}]},"14":{"line":262,"type":"if","locations":[{"start":{"line":262,"column":8},"end":{"line":262,"column":8}},{"start":{"line":262,"column":8},"end":{"line":262,"column":8}}]}}},"contracts/interfaces/ERC20Interface.sol":{"l":{},"path":"/private/var/www/html/RedFox/eth-bridge-contract/contracts/interfaces/ERC20Interface.sol","s":{},"b":{},"f":{},"fnMap":{},"statementMap":{},"branchMap":{}},"contracts/libraries/Endian.sol":{"l":{"7":1,"10":1,"14":1,"18":1,"21":1,"24":1,"28":1,"31":1,"34":1},"path":"/private/var/www/html/RedFox/eth-bridge-contract/contracts/libraries/Endian.sol","s":{"1":1,"2":1,"3":1,"4":1,"5":1,"6":1,"7":1,"8":1,"9":1},"b":{},"f":{"1":1,"2":1,"3":1},"fnMap":{"1":{"name":"reverse64","line":6,"loc":{"start":{"line":6,"column":4},"end":{"line":19,"column":4}}},"2":{"name":"reverse32","line":20,"loc":{"start":{"line":20,"column":4},"end":{"line":29,"column":4}}},"3":{"name":"reverse16","line":30,"loc":{"start":{"line":30,"column":4},"end":{"line":35,"column":4}}}},"statementMap":{"1":{"start":{"line":7,"column":8},"end":{"line":7,"column":16}},"2":{"start":{"line":10,"column":8},"end":{"line":10,"column":348}},"3":{"start":{"line":14,"column":8},"end":{"line":14,"column":475}},"4":{"start":{"line":18,"column":8},"end":{"line":18,"column":32}},"5":{"start":{"line":21,"column":8},"end":{"line":21,"column":16}},"6":{"start":{"line":24,"column":8},"end":{"line":24,"column":749}},"7":{"start":{"line":28,"column":8},"end":{"line":28,"column":32}},"8":{"start":{"line":31,"column":8},"end":{"line":31,"column":16}},"9":{"start":{"line":34,"column":8},"end":{"line":34,"column":30}}},"branchMap":{}},"contracts/libraries/SafeMath.sol":{"l":{"28":150,"29":150,"31":148,"45":2,"63":24,"64":21,"66":21,"83":6,"84":1,"87":5,"88":5,"90":3,"106":4,"126":4,"127":3,"130":3,"146":5,"166":5,"167":4},"path":"/private/var/www/html/RedFox/eth-bridge-contract/contracts/libraries/SafeMath.sol","s":{"1":150,"2":150,"3":148,"4":2,"5":24,"6":21,"7":21,"8":6,"9":1,"10":5,"11":5,"12":3,"13":4,"14":4,"15":3,"16":3,"17":5,"18":5,"19":4},"b":{"1":[148,2],"2":[21,3],"3":[1,5],"4":[3,2],"5":[3,1],"6":[4,1]},"f":{"1":150,"2":2,"3":24,"4":6,"5":4,"6":4,"7":5,"8":5},"fnMap":{"1":{"name":"add","line":27,"loc":{"start":{"line":27,"column":4},"end":{"line":32,"column":4}}},"2":{"name":"sub","line":44,"loc":{"start":{"line":44,"column":4},"end":{"line":46,"column":4}}},"3":{"name":"sub","line":58,"loc":{"start":{"line":58,"column":4},"end":{"line":67,"column":4}}},"4":{"name":"mul","line":79,"loc":{"start":{"line":79,"column":4},"end":{"line":91,"column":4}}},"5":{"name":"div","line":105,"loc":{"start":{"line":105,"column":4},"end":{"line":107,"column":4}}},"6":{"name":"div","line":121,"loc":{"start":{"line":121,"column":4},"end":{"line":131,"column":4}}},"7":{"name":"mod","line":145,"loc":{"start":{"line":145,"column":4},"end":{"line":147,"column":4}}},"8":{"name":"mod","line":161,"loc":{"start":{"line":161,"column":4},"end":{"line":168,"column":4}}}},"statementMap":{"1":{"start":{"line":28,"column":8},"end":{"line":28,"column":25}},"2":{"start":{"line":29,"column":8},"end":{"line":29,"column":53}},"3":{"start":{"line":31,"column":8},"end":{"line":31,"column":16}},"4":{"start":{"line":45,"column":8},"end":{"line":45,"column":58}},"5":{"start":{"line":63,"column":8},"end":{"line":63,"column":36}},"6":{"start":{"line":64,"column":8},"end":{"line":64,"column":25}},"7":{"start":{"line":66,"column":8},"end":{"line":66,"column":16}},"8":{"start":{"line":83,"column":8},"end":{"line":83,"column":2481}},"9":{"start":{"line":84,"column":12},"end":{"line":84,"column":20}},"10":{"start":{"line":87,"column":8},"end":{"line":87,"column":25}},"11":{"start":{"line":88,"column":8},"end":{"line":88,"column":63}},"12":{"start":{"line":90,"column":8},"end":{"line":90,"column":16}},"13":{"start":{"line":106,"column":8},"end":{"line":106,"column":54}},"14":{"start":{"line":126,"column":8},"end":{"line":126,"column":35}},"15":{"start":{"line":127,"column":8},"end":{"line":127,"column":25}},"16":{"start":{"line":130,"column":8},"end":{"line":130,"column":16}},"17":{"start":{"line":146,"column":8},"end":{"line":146,"column":52}},"18":{"start":{"line":166,"column":8},"end":{"line":166,"column":36}},"19":{"start":{"line":167,"column":8},"end":{"line":167,"column":20}}},"branchMap":{"1":{"line":29,"type":"if","locations":[{"start":{"line":29,"column":8},"end":{"line":29,"column":8}},{"start":{"line":29,"column":8},"end":{"line":29,"column":8}}]},"2":{"line":63,"type":"if","locations":[{"start":{"line":63,"column":8},"end":{"line":63,"column":8}},{"start":{"line":63,"column":8},"end":{"line":63,"column":8}}]},"3":{"line":83,"type":"if","locations":[{"start":{"line":83,"column":8},"end":{"line":83,"column":8}},{"start":{"line":83,"column":8},"end":{"line":83,"column":8}}]},"4":{"line":88,"type":"if","locations":[{"start":{"line":88,"column":8},"end":{"line":88,"column":8}},{"start":{"line":88,"column":8},"end":{"line":88,"column":8}}]},"5":{"line":126,"type":"if","locations":[{"start":{"line":126,"column":8},"end":{"line":126,"column":8}},{"start":{"line":126,"column":8},"end":{"line":126,"column":8}}]},"6":{"line":166,"type":"if","locations":[{"start":{"line":166,"column":8},"end":{"line":166,"column":8}},{"start":{"line":166,"column":8},"end":{"line":166,"column":8}}]}}},"contracts/mock/ECDSAMock.sol":{"l":{"9":12,"13":1},"path":"/private/var/www/html/RedFox/eth-bridge-contract/contracts/mock/ECDSAMock.sol","s":{"1":12,"2":1},"b":{},"f":{"1":12,"2":1},"fnMap":{"1":{"name":"recover","line":8,"loc":{"start":{"line":8,"column":4},"end":{"line":10,"column":4}}},"2":{"name":"toEthSignedMessageHash","line":12,"loc":{"start":{"line":12,"column":4},"end":{"line":14,"column":4}}}},"statementMap":{"1":{"start":{"line":9,"column":8},"end":{"line":9,"column":38}},"2":{"start":{"line":13,"column":8},"end":{"line":13,"column":44}}},"branchMap":{}},"contracts/mock/EndianMock.sol":{"l":{"7":1,"10":1,"13":1},"path":"/private/var/www/html/RedFox/eth-bridge-contract/contracts/mock/EndianMock.sol","s":{"1":1,"2":1,"3":1},"b":{},"f":{"1":1,"2":1,"3":1},"fnMap":{"1":{"name":"reverse64","line":6,"loc":{"start":{"line":6,"column":4},"end":{"line":8,"column":4}}},"2":{"name":"reverse32","line":9,"loc":{"start":{"line":9,"column":4},"end":{"line":11,"column":4}}},"3":{"name":"reverse16","line":12,"loc":{"start":{"line":12,"column":4},"end":{"line":14,"column":4}}}},"statementMap":{"1":{"start":{"line":7,"column":8},"end":{"line":7,"column":38}},"2":{"start":{"line":10,"column":8},"end":{"line":10,"column":38}},"3":{"start":{"line":13,"column":8},"end":{"line":13,"column":38}}},"branchMap":{}},"contracts/mock/SafeMathMock.sol":{"l":{"7":6,"11":4,"15":2,"19":4,"23":5},"path":"/private/var/www/html/RedFox/eth-bridge-contract/contracts/mock/SafeMathMock.sol","s":{"1":6,"2":4,"3":2,"4":4,"5":5},"b":{},"f":{"1":6,"2":4,"3":2,"4":4,"5":5},"fnMap":{"1":{"name":"mul","line":6,"loc":{"start":{"line":6,"column":4},"end":{"line":8,"column":4}}},"2":{"name":"div","line":10,"loc":{"start":{"line":10,"column":4},"end":{"line":12,"column":4}}},"3":{"name":"sub","line":14,"loc":{"start":{"line":14,"column":4},"end":{"line":16,"column":4}}},"4":{"name":"add","line":18,"loc":{"start":{"line":18,"column":4},"end":{"line":20,"column":4}}},"5":{"name":"mod","line":22,"loc":{"start":{"line":22,"column":4},"end":{"line":24,"column":4}}}},"statementMap":{"1":{"start":{"line":7,"column":8},"end":{"line":7,"column":33}},"2":{"start":{"line":11,"column":8},"end":{"line":11,"column":33}},"3":{"start":{"line":15,"column":8},"end":{"line":15,"column":33}},"4":{"start":{"line":19,"column":8},"end":{"line":19,"column":33}},"5":{"start":{"line":23,"column":8},"end":{"line":23,"column":33}}},"branchMap":{}},"contracts/Owned.sol":{"l":{"14":63,"18":11,"19":7,"23":2,"27":2,"28":1,"29":1,"30":1},"path":"/private/var/www/html/RedFox/eth-bridge-contract/contracts/Owned.sol","s":{"1":63,"2":11,"3":2,"4":2,"5":1,"6":1,"7":1},"b":{"1":[7,4],"2":[1,1]},"f":{"1":63,"2":11,"3":2,"4":2},"fnMap":{"1":{"name":"constructor","line":13,"loc":{"start":{"line":13,"column":4},"end":{"line":15,"column":4}}},"2":{"name":"onlyOwner","line":17,"loc":{"start":{"line":17,"column":4},"end":{"line":20,"column":4}}},"3":{"name":"transferOwnership","line":22,"loc":{"start":{"line":22,"column":4},"end":{"line":24,"column":4}}},"4":{"name":"acceptOwnership","line":26,"loc":{"start":{"line":26,"column":4},"end":{"line":31,"column":4}}}},"statementMap":{"1":{"start":{"line":14,"column":8},"end":{"line":14,"column":25}},"2":{"start":{"line":18,"column":8},"end":{"line":18,"column":58}},"3":{"start":{"line":23,"column":8},"end":{"line":23,"column":27}},"4":{"start":{"line":27,"column":8},"end":{"line":27,"column":38}},"5":{"start":{"line":28,"column":8},"end":{"line":28,"column":50}},"6":{"start":{"line":29,"column":8},"end":{"line":29,"column":23}},"7":{"start":{"line":30,"column":8},"end":{"line":30,"column":28}}},"branchMap":{"1":{"line":18,"type":"if","locations":[{"start":{"line":18,"column":8},"end":{"line":18,"column":8}},{"start":{"line":18,"column":8},"end":{"line":18,"column":8}}]},"2":{"line":27,"type":"if","locations":[{"start":{"line":27,"column":8},"end":{"line":27,"column":8}},{"start":{"line":27,"column":8},"end":{"line":27,"column":8}}]}}},"contracts/test/Token.sol":{"l":{"22":36,"26":1,"27":1,"175":65,"176":65,"177":65,"184":1,"192":1,"209":2,"216":1,"223":2,"240":9,"241":7,"254":4,"270":7,"271":5,"291":7,"292":7,"300":5,"320":2,"325":2,"347":1,"355":1,"377":18,"378":16,"380":14,"382":14,"386":14,"387":14,"400":67,"402":65,"404":65,"405":65,"406":65,"427":17,"428":15,"430":13,"431":13,"442":1,"473":65,"481":1,"485":1,"489":2,"493":2,"497":2},"path":"/private/var/www/html/RedFox/eth-bridge-contract/contracts/test/Token.sol","s":{"1":36,"2":1,"3":65,"4":65,"5":65,"6":1,"7":1,"8":2,"9":1,"10":2,"11":9,"12":7,"13":4,"14":7,"15":5,"16":7,"17":7,"18":5,"19":2,"20":2,"21":1,"22":1,"23":18,"24":16,"25":14,"26":14,"27":14,"28":14,"29":67,"30":65,"31":65,"32":65,"33":65,"34":17,"35":15,"36":13,"37":13,"38":1,"39":65,"40":1,"41":1,"42":2,"43":2,"44":2},"b":{"1":[16,2],"2":[14,2],"3":[65,2],"4":[15,2],"5":[13,2]},"f":{"1":36,"2":1,"3":65,"4":1,"5":1,"6":2,"7":1,"8":2,"9":9,"10":4,"11":7,"12":7,"13":2,"14":1,"15":18,"16":67,"17":17,"18":1,"19":79,"20":65,"21":1,"22":1,"23":2,"24":2,"25":2},"fnMap":{"1":{"name":"_msgSender","line":21,"loc":{"start":{"line":21,"column":4},"end":{"line":23,"column":4}}},"2":{"name":"_msgData","line":25,"loc":{"start":{"line":25,"column":4},"end":{"line":28,"column":4}}},"3":{"name":"constructor","line":174,"loc":{"start":{"line":174,"column":4},"end":{"line":178,"column":4}}},"4":{"name":"name","line":183,"loc":{"start":{"line":183,"column":4},"end":{"line":185,"column":4}}},"5":{"name":"symbol","line":191,"loc":{"start":{"line":191,"column":4},"end":{"line":193,"column":4}}},"6":{"name":"decimals","line":208,"loc":{"start":{"line":208,"column":4},"end":{"line":210,"column":4}}},"7":{"name":"totalSupply","line":215,"loc":{"start":{"line":215,"column":4},"end":{"line":217,"column":4}}},"8":{"name":"balanceOf","line":222,"loc":{"start":{"line":222,"column":4},"end":{"line":224,"column":4}}},"9":{"name":"transfer","line":234,"loc":{"start":{"line":234,"column":4},"end":{"line":242,"column":4}}},"10":{"name":"allowance","line":247,"loc":{"start":{"line":247,"column":4},"end":{"line":255,"column":4}}},"11":{"name":"approve","line":264,"loc":{"start":{"line":264,"column":4},"end":{"line":272,"column":4}}},"12":{"name":"transferFrom","line":286,"loc":{"start":{"line":286,"column":4},"end":{"line":301,"column":4}}},"13":{"name":"increaseAllowance","line":315,"loc":{"start":{"line":315,"column":4},"end":{"line":326,"column":4}}},"14":{"name":"decreaseAllowance","line":342,"loc":{"start":{"line":342,"column":4},"end":{"line":356,"column":4}}},"15":{"name":"_transfer","line":372,"loc":{"start":{"line":372,"column":4},"end":{"line":388,"column":4}}},"16":{"name":"_mint","line":399,"loc":{"start":{"line":399,"column":4},"end":{"line":407,"column":4}}},"17":{"name":"_approve","line":422,"loc":{"start":{"line":422,"column":4},"end":{"line":432,"column":4}}},"18":{"name":"_setupDecimals","line":441,"loc":{"start":{"line":441,"column":4},"end":{"line":443,"column":4}}},"19":{"name":"_beforeTokenTransfer","line":459,"loc":{"start":{"line":459,"column":4},"end":{"line":463,"column":24}}},"20":{"name":"constructor","line":472,"loc":{"start":{"line":472,"column":4},"end":{"line":474,"column":4}}},"21":{"name":"setupDecimals","line":480,"loc":{"start":{"line":480,"column":2},"end":{"line":482,"column":2}}},"22":{"name":"msgData","line":484,"loc":{"start":{"line":484,"column":2},"end":{"line":486,"column":2}}},"23":{"name":"mint","line":488,"loc":{"start":{"line":488,"column":2},"end":{"line":490,"column":2}}},"24":{"name":"transferSenderZeroMockup","line":492,"loc":{"start":{"line":492,"column":2},"end":{"line":494,"column":2}}},"25":{"name":"approveSenderZeroMockup","line":496,"loc":{"start":{"line":496,"column":2},"end":{"line":498,"column":2}}}},"statementMap":{"1":{"start":{"line":22,"column":8},"end":{"line":22,"column":25}},"2":{"start":{"line":27,"column":8},"end":{"line":27,"column":23}},"3":{"start":{"line":175,"column":8},"end":{"line":175,"column":19}},"4":{"start":{"line":176,"column":8},"end":{"line":176,"column":23}},"5":{"start":{"line":177,"column":8},"end":{"line":177,"column":21}},"6":{"start":{"line":184,"column":8},"end":{"line":184,"column":20}},"7":{"start":{"line":192,"column":8},"end":{"line":192,"column":22}},"8":{"start":{"line":209,"column":8},"end":{"line":209,"column":24}},"9":{"start":{"line":216,"column":8},"end":{"line":216,"column":27}},"10":{"start":{"line":223,"column":8},"end":{"line":223,"column":33}},"11":{"start":{"line":240,"column":8},"end":{"line":240,"column":49}},"12":{"start":{"line":241,"column":8},"end":{"line":241,"column":19}},"13":{"start":{"line":254,"column":8},"end":{"line":254,"column":42}},"14":{"start":{"line":270,"column":8},"end":{"line":270,"column":46}},"15":{"start":{"line":271,"column":8},"end":{"line":271,"column":19}},"16":{"start":{"line":291,"column":8},"end":{"line":291,"column":43}},"17":{"start":{"line":292,"column":8},"end":{"line":292,"column":8984}},"18":{"start":{"line":300,"column":8},"end":{"line":300,"column":19}},"19":{"start":{"line":320,"column":8},"end":{"line":320,"column":9752}},"20":{"start":{"line":325,"column":8},"end":{"line":325,"column":19}},"21":{"start":{"line":347,"column":8},"end":{"line":347,"column":10533}},"22":{"start":{"line":355,"column":8},"end":{"line":355,"column":19}},"23":{"start":{"line":377,"column":8},"end":{"line":377,"column":77}},"24":{"start":{"line":378,"column":8},"end":{"line":378,"column":78}},"25":{"start":{"line":380,"column":8},"end":{"line":380,"column":54}},"26":{"start":{"line":382,"column":8},"end":{"line":382,"column":11603}},"27":{"start":{"line":386,"column":8},"end":{"line":386,"column":62}},"28":{"start":{"line":387,"column":8},"end":{"line":387,"column":48}},"29":{"start":{"line":400,"column":8},"end":{"line":400,"column":72}},"30":{"start":{"line":402,"column":8},"end":{"line":402,"column":56}},"31":{"start":{"line":404,"column":8},"end":{"line":404,"column":46}},"32":{"start":{"line":405,"column":8},"end":{"line":405,"column":58}},"33":{"start":{"line":406,"column":8},"end":{"line":406,"column":50}},"34":{"start":{"line":427,"column":8},"end":{"line":427,"column":75}},"35":{"start":{"line":428,"column":8},"end":{"line":428,"column":75}},"36":{"start":{"line":430,"column":8},"end":{"line":430,"column":43}},"37":{"start":{"line":431,"column":8},"end":{"line":431,"column":45}},"38":{"start":{"line":442,"column":8},"end":{"line":442,"column":28}},"39":{"start":{"line":473,"column":8},"end":{"line":473,"column":47}},"40":{"start":{"line":481,"column":4},"end":{"line":481,"column":28}},"41":{"start":{"line":485,"column":4},"end":{"line":485,"column":21}},"42":{"start":{"line":489,"column":6},"end":{"line":489,"column":30}},"43":{"start":{"line":493,"column":6},"end":{"line":493,"column":46}},"44":{"start":{"line":497,"column":6},"end":{"line":497,"column":44}}},"branchMap":{"1":{"line":377,"type":"if","locations":[{"start":{"line":377,"column":8},"end":{"line":377,"column":8}},{"start":{"line":377,"column":8},"end":{"line":377,"column":8}}]},"2":{"line":378,"type":"if","locations":[{"start":{"line":378,"column":8},"end":{"line":378,"column":8}},{"start":{"line":378,"column":8},"end":{"line":378,"column":8}}]},"3":{"line":400,"type":"if","locations":[{"start":{"line":400,"column":8},"end":{"line":400,"column":8}},{"start":{"line":400,"column":8},"end":{"line":400,"column":8}}]},"4":{"line":427,"type":"if","locations":[{"start":{"line":427,"column":8},"end":{"line":427,"column":8}},{"start":{"line":427,"column":8},"end":{"line":427,"column":8}}]},"5":{"line":428,"type":"if","locations":[{"start":{"line":428,"column":8},"end":{"line":428,"column":8}},{"start":{"line":428,"column":8},"end":{"line":428,"column":8}}]}}}}